<?xml version="1.0" encoding="UTF-8"?>
<!-- Generated by org.testng.reporters.JUnitXMLReporter -->
<testsuite hostname="LAPTOP-PPEIE3H2" ignored="0" name="Default test" tests="3" failures="0" timestamp="30 Nov 2018 12:33:53 GMT" time="62.613" errors="0">
  <testcase name="OpenVogueSite" time="6.068" classname="vogue_SmokeTest.Vogue_MainClass"/>
  <testcase name="Test_login" time="18.066" classname="vogue_SmokeTest.Vogue_MainClass"/>
  <testcase name="Test_ArticlePage" time="20.766" classname="vogue_SmokeTest.Vogue_MainClass"/>
</testsuite> <!-- Default test -->
